  stdafx.cpp
  SurfExtractor.cpp
e:\ljf\2020\program\c\testprogram\src\singlepicturecreatedb\surfextractor.h : warning C4819: 该文件包含不能在当前代码页(936)中表示的字符。请将该文件保存为 Unicode 格式以防止数据丢失
e:\ljf\2020\program\c\testprogram\src\singlepicturecreatedb\surfextractor.cpp(29): warning C4244: “参数”: 从“double”转换到“int”，可能丢失数据
e:\ljf\2020\program\c\testprogram\src\singlepicturecreatedb\surfextractor.cpp(30): warning C4244: “/=”: 从“double”转换到“float”，可能丢失数据
  surf.cpp
  SinglePictureCreateDB.cpp
e:\ljf\2020\program\c\testprogram\src\singlepicturecreatedb\surfextractor.h : warning C4819: 该文件包含不能在当前代码页(936)中表示的字符。请将该文件保存为 Unicode 格式以防止数据丢失
  shootPictureProcessor.cpp
e:\ljf\2020\program\c\testprogram\src\singlepicturecreatedb\surfextractor.h : warning C4819: 该文件包含不能在当前代码页(936)中表示的字符。请将该文件保存为 Unicode 格式以防止数据丢失
e:\ljf\2020\program\c\testprogram\src\singlepicturecreatedb\shootpictureprocessor.cpp(75): warning C4244: “=”: 从“double”转换到“int”，可能丢失数据
e:\ljf\2020\program\c\testprogram\src\singlepicturecreatedb\shootpictureprocessor.cpp(76): warning C4244: “=”: 从“double”转换到“int”，可能丢失数据
e:\ljf\2020\program\c\testprogram\src\singlepicturecreatedb\shootpictureprocessor.cpp(116): warning C4244: “参数”: 从“double”转换到“int”，可能丢失数据
e:\ljf\2020\program\c\testprogram\src\singlepicturecreatedb\shootpictureprocessor.cpp(120): warning C4996: 'mkdir': The POSIX name for this item is deprecated. Instead, use the ISO C and C++ conformant name: _mkdir. See online help for details.
  c:\program files (x86)\windows kits\10\include\10.0.10240.0\ucrt\direct.h(108): note: 参见“mkdir”的声明
e:\ljf\2020\program\c\testprogram\src\singlepicturecreatedb\shootpictureprocessor.cpp(151): warning C4244: “参数”: 从“double”转换到“int”，可能丢失数据
e:\ljf\2020\program\c\testprogram\src\singlepicturecreatedb\shootpictureprocessor.cpp(189): warning C4267: “参数”: 从“size_t”转换到“int”，可能丢失数据
e:\ljf\2020\program\c\testprogram\src\singlepicturecreatedb\shootpictureprocessor.cpp(218): warning C4267: “初始化”: 从“size_t”转换到“int”，可能丢失数据
e:\ljf\2020\program\c\testprogram\src\singlepicturecreatedb\shootpictureprocessor.cpp(285): warning C4267: “参数”: 从“size_t”转换到“int”，可能丢失数据
e:\ljf\2020\program\c\testprogram\src\singlepicturecreatedb\shootpictureprocessor.cpp(155): warning C4996: 'mkdir': The POSIX name for this item is deprecated. Instead, use the ISO C and C++ conformant name: _mkdir. See online help for details.
  c:\program files (x86)\windows kits\10\include\10.0.10240.0\ucrt\direct.h(108): note: 参见“mkdir”的声明
e:\ljf\2020\program\c\testprogram\src\singlepicturecreatedb\shootpictureprocessor.cpp(301): warning C4996: 'mkdir': The POSIX name for this item is deprecated. Instead, use the ISO C and C++ conformant name: _mkdir. See online help for details.
  c:\program files (x86)\windows kits\10\include\10.0.10240.0\ucrt\direct.h(108): note: 参见“mkdir”的声明
e:\ljf\2020\program\c\testprogram\src\singlepicturecreatedb\shootpictureprocessor.cpp(327): warning C4267: “初始化”: 从“size_t”转换到“int”，可能丢失数据
e:\ljf\2020\program\c\testprogram\src\singlepicturecreatedb\shootpictureprocessor.cpp(381): warning C4267: “初始化”: 从“size_t”转换到“int”，可能丢失数据
e:\ljf\2020\program\c\testprogram\src\singlepicturecreatedb\shootpictureprocessor.cpp(417): warning C4267: “参数”: 从“size_t”转换到“int”，可能丢失数据
e:\ljf\2020\program\c\testprogram\src\singlepicturecreatedb\shootpictureprocessor.cpp(474): warning C4244: “参数”: 从“double”转换到“int”，可能丢失数据
e:\ljf\2020\program\c\testprogram\src\singlepicturecreatedb\shootpictureprocessor.cpp(507): warning C4267: “参数”: 从“size_t”转换到“int”，可能丢失数据
e:\ljf\2020\program\c\testprogram\src\singlepicturecreatedb\shootpictureprocessor.cpp(524): warning C4267: “初始化”: 从“size_t”转换到“int”，可能丢失数据
e:\ljf\2020\program\c\testprogram\src\singlepicturecreatedb\shootpictureprocessor.cpp(533): warning C4267: “参数”: 从“size_t”转换到“int”，可能丢失数据
  pointsLogRW.cpp
e:\ljf\2020\program\c\testprogram\src\singlepicturecreatedb\pointslogrw.cpp(24): warning C4267: “初始化”: 从“size_t”转换到“int”，可能丢失数据
e:\ljf\2020\program\c\testprogram\src\singlepicturecreatedb\pointslogrw.cpp(17): warning C4996: 'fopen': This function or variable may be unsafe. Consider using fopen_s instead. To disable deprecation, use _CRT_SECURE_NO_WARNINGS. See online help for details.
  c:\program files (x86)\windows kits\10\include\10.0.10240.0\ucrt\stdio.h(205): note: 参见“fopen”的声明
e:\ljf\2020\program\c\testprogram\src\singlepicturecreatedb\pointslogrw.cpp(60): warning C4996: 'fopen': This function or variable may be unsafe. Consider using fopen_s instead. To disable deprecation, use _CRT_SECURE_NO_WARNINGS. See online help for details.
  c:\program files (x86)\windows kits\10\include\10.0.10240.0\ucrt\stdio.h(205): note: 参见“fopen”的声明
e:\ljf\2020\program\c\testprogram\src\singlepicturecreatedb\pointslogrw.cpp(79): warning C4477: “sscanf_s”: 格式字符串“%s”需要类型“unsigned int”的参数，但可变参数 2 拥有了类型“char *”
  e:\ljf\2020\program\c\testprogram\src\singlepicturecreatedb\pointslogrw.cpp(79): note: 此参数用作缓冲区大小
e:\ljf\2020\program\c\testprogram\src\singlepicturecreatedb\pointslogrw.cpp(79): warning C4477: “sscanf_s”: 格式字符串“%s”需要类型“unsigned int”的参数，但可变参数 4 拥有了类型“double *”
  e:\ljf\2020\program\c\testprogram\src\singlepicturecreatedb\pointslogrw.cpp(79): note: 此参数用作缓冲区大小
e:\ljf\2020\program\c\testprogram\src\singlepicturecreatedb\pointslogrw.cpp(79): warning C4477: “sscanf_s”: 格式字符串“%s”需要类型“char *”的参数，但可变参数 5 拥有了类型“double *”
  e:\ljf\2020\program\c\testprogram\src\singlepicturecreatedb\pointslogrw.cpp(79): note: 此参数由转换说明符使用
e:\ljf\2020\program\c\testprogram\src\singlepicturecreatedb\pointslogrw.cpp(79): warning C4477: “sscanf_s”: 格式字符串“%s”需要类型“unsigned int”的参数，但可变参数 6 拥有了类型“double *”
  e:\ljf\2020\program\c\testprogram\src\singlepicturecreatedb\pointslogrw.cpp(79): note: 此参数用作缓冲区大小
e:\ljf\2020\program\c\testprogram\src\singlepicturecreatedb\pointslogrw.cpp(79): warning C4473: “sscanf_s”: 没有为格式字符串传递足够的参数
  e:\ljf\2020\program\c\testprogram\src\singlepicturecreatedb\pointslogrw.cpp(79): note: 占位符和其参数预计 10 可变参数，但提供的却是 7 参数
  e:\ljf\2020\program\c\testprogram\src\singlepicturecreatedb\pointslogrw.cpp(79): note: 缺失的可变参数 8 为格式字符串“%lf”所需
e:\ljf\2020\program\c\testprogram\src\singlepicturecreatedb\pointslogrw.cpp(95): warning C4996: 'fopen': This function or variable may be unsafe. Consider using fopen_s instead. To disable deprecation, use _CRT_SECURE_NO_WARNINGS. See online help for details.
  c:\program files (x86)\windows kits\10\include\10.0.10240.0\ucrt\stdio.h(205): note: 参见“fopen”的声明
e:\ljf\2020\program\c\testprogram\src\singlepicturecreatedb\pointslogrw.cpp(108): warning C4477: “fprintf”: 格式字符串“%s”需要类型“char *”的参数，但可变参数 1 拥有了类型“std::string”
e:\ljf\2020\program\c\testprogram\src\singlepicturecreatedb\pointslogrw.cpp(110): warning C4477: “fprintf”: 格式字符串“%s”需要类型“char *”的参数，但可变参数 1 拥有了类型“std::string”
  正在生成代码...
  SinglePictureCreateDB.vcxproj -> E:\LJF\2020\Program\C\testProgram\src\SinglePictureCreateDB\.\..\..\bin\x64\Debug\SinglePictureCreateDB.exe
  SinglePictureCreateDB.vcxproj -> .\..\..\bin\x64\Debug\SinglePictureCreateDB.pdb (Full PDB)
