  stdafx.cpp
  pointsLogRW.cpp
e:\ljf\2020\program\c\testprogram\src\picturesimilaritycompare\pointslogrw.cpp(24): warning C4267: “初始化”: 从“size_t”转换到“int”，可能丢失数据
e:\ljf\2020\program\c\testprogram\src\picturesimilaritycompare\pointslogrw.cpp(17): warning C4996: 'fopen': This function or variable may be unsafe. Consider using fopen_s instead. To disable deprecation, use _CRT_SECURE_NO_WARNINGS. See online help for details.
  c:\program files (x86)\windows kits\10\include\10.0.10240.0\ucrt\stdio.h(205): note: 参见“fopen”的声明
e:\ljf\2020\program\c\testprogram\src\picturesimilaritycompare\pointslogrw.cpp(60): warning C4996: 'fopen': This function or variable may be unsafe. Consider using fopen_s instead. To disable deprecation, use _CRT_SECURE_NO_WARNINGS. See online help for details.
  c:\program files (x86)\windows kits\10\include\10.0.10240.0\ucrt\stdio.h(205): note: 参见“fopen”的声明
e:\ljf\2020\program\c\testprogram\src\picturesimilaritycompare\pointslogrw.cpp(79): warning C4477: “sscanf_s”: 格式字符串“%s”需要类型“unsigned int”的参数，但可变参数 2 拥有了类型“char *”
  e:\ljf\2020\program\c\testprogram\src\picturesimilaritycompare\pointslogrw.cpp(79): note: 此参数用作缓冲区大小
e:\ljf\2020\program\c\testprogram\src\picturesimilaritycompare\pointslogrw.cpp(79): warning C4477: “sscanf_s”: 格式字符串“%s”需要类型“unsigned int”的参数，但可变参数 4 拥有了类型“double *”
  e:\ljf\2020\program\c\testprogram\src\picturesimilaritycompare\pointslogrw.cpp(79): note: 此参数用作缓冲区大小
e:\ljf\2020\program\c\testprogram\src\picturesimilaritycompare\pointslogrw.cpp(79): warning C4477: “sscanf_s”: 格式字符串“%s”需要类型“char *”的参数，但可变参数 5 拥有了类型“double *”
  e:\ljf\2020\program\c\testprogram\src\picturesimilaritycompare\pointslogrw.cpp(79): note: 此参数由转换说明符使用
e:\ljf\2020\program\c\testprogram\src\picturesimilaritycompare\pointslogrw.cpp(79): warning C4477: “sscanf_s”: 格式字符串“%s”需要类型“unsigned int”的参数，但可变参数 6 拥有了类型“double *”
  e:\ljf\2020\program\c\testprogram\src\picturesimilaritycompare\pointslogrw.cpp(79): note: 此参数用作缓冲区大小
e:\ljf\2020\program\c\testprogram\src\picturesimilaritycompare\pointslogrw.cpp(79): warning C4473: “sscanf_s”: 没有为格式字符串传递足够的参数
  e:\ljf\2020\program\c\testprogram\src\picturesimilaritycompare\pointslogrw.cpp(79): note: 占位符和其参数预计 10 可变参数，但提供的却是 7 参数
  e:\ljf\2020\program\c\testprogram\src\picturesimilaritycompare\pointslogrw.cpp(79): note: 缺失的可变参数 8 为格式字符串“%lf”所需
e:\ljf\2020\program\c\testprogram\src\picturesimilaritycompare\pointslogrw.cpp(95): warning C4996: 'fopen': This function or variable may be unsafe. Consider using fopen_s instead. To disable deprecation, use _CRT_SECURE_NO_WARNINGS. See online help for details.
  c:\program files (x86)\windows kits\10\include\10.0.10240.0\ucrt\stdio.h(205): note: 参见“fopen”的声明
e:\ljf\2020\program\c\testprogram\src\picturesimilaritycompare\pointslogrw.cpp(108): warning C4477: “fprintf”: 格式字符串“%s”需要类型“char *”的参数，但可变参数 1 拥有了类型“std::string”
e:\ljf\2020\program\c\testprogram\src\picturesimilaritycompare\pointslogrw.cpp(110): warning C4477: “fprintf”: 格式字符串“%s”需要类型“char *”的参数，但可变参数 1 拥有了类型“std::string”
  PictureSimilarityCompare.cpp
  正在生成代码...
  PictureSimilarityCompare.vcxproj -> E:\LJF\2020\Program\C\testProgram\src\PictureSimilarityCompare\x64\Debug\PictureSimilarityCompare.exe
  PictureSimilarityCompare.vcxproj -> E:\LJF\2020\Program\C\testProgram\src\PictureSimilarityCompare\x64\Debug\PictureSimilarityCompare.pdb (Full PDB)
